<?xml version="1.0" encoding="UTF-8"?>
<testsuite name="com.kodilla.KodillaCourseApplicationTests" tests="1" skipped="0" failures="0" errors="0" timestamp="2018-12-12T12:31:21" hostname="AgatPC" time="0.223">
  <properties/>
  <testcase name="contextLoads" classname="com.kodilla.KodillaCourseApplicationTests" time="0.223"/>
  <system-out><![CDATA[13:31:17.002 [Test worker] DEBUG org.springframework.test.context.junit4.SpringJUnit4ClassRunner - SpringJUnit4ClassRunner constructor called with [class com.kodilla.KodillaCourseApplicationTests]
13:31:17.011 [Test worker] DEBUG org.springframework.test.context.BootstrapUtils - Instantiating CacheAwareContextLoaderDelegate from class [org.springframework.test.context.cache.DefaultCacheAwareContextLoaderDelegate]
13:31:17.079 [Test worker] DEBUG org.springframework.test.context.BootstrapUtils - Instantiating BootstrapContext using constructor [public org.springframework.test.context.support.DefaultBootstrapContext(java.lang.Class,org.springframework.test.context.CacheAwareContextLoaderDelegate)]
13:31:17.107 [Test worker] DEBUG org.springframework.test.context.BootstrapUtils - Instantiating TestContextBootstrapper for test class [com.kodilla.KodillaCourseApplicationTests] from class [org.springframework.boot.test.context.SpringBootTestContextBootstrapper]
13:31:17.154 [Test worker] INFO org.springframework.boot.test.context.SpringBootTestContextBootstrapper - Neither @ContextConfiguration nor @ContextHierarchy found for test class [com.kodilla.KodillaCourseApplicationTests], using SpringBootContextLoader
13:31:17.159 [Test worker] DEBUG org.springframework.test.context.support.AbstractContextLoader - Did not detect default resource location for test class [com.kodilla.KodillaCourseApplicationTests]: class path resource [com/kodilla/KodillaCourseApplicationTests-context.xml] does not exist
13:31:17.160 [Test worker] DEBUG org.springframework.test.context.support.AbstractContextLoader - Did not detect default resource location for test class [com.kodilla.KodillaCourseApplicationTests]: class path resource [com/kodilla/KodillaCourseApplicationTestsContext.groovy] does not exist
13:31:17.160 [Test worker] INFO org.springframework.test.context.support.AbstractContextLoader - Could not detect default resource locations for test class [com.kodilla.KodillaCourseApplicationTests]: no resource found for suffixes {-context.xml, Context.groovy}.
13:31:17.162 [Test worker] INFO org.springframework.test.context.support.AnnotationConfigContextLoaderUtils - Could not detect default configuration classes for test class [com.kodilla.KodillaCourseApplicationTests]: KodillaCourseApplicationTests does not declare any static, non-private, non-final, nested classes annotated with @Configuration.
13:31:17.223 [Test worker] DEBUG org.springframework.test.context.support.ActiveProfilesUtils - Could not find an 'annotation declaring class' for annotation type [org.springframework.test.context.ActiveProfiles] and class [com.kodilla.KodillaCourseApplicationTests]
13:31:17.332 [Test worker] DEBUG org.springframework.context.annotation.ClassPathScanningCandidateComponentProvider - Identified candidate component class: file [C:\Users\Agat\Desktop\Programowanie\Projects\kodilla-course\build\classes\java\main\com\kodilla\KodillaCourseApplication.class]
13:31:17.335 [Test worker] INFO org.springframework.boot.test.context.SpringBootTestContextBootstrapper - Found @SpringBootConfiguration com.kodilla.KodillaCourseApplication for test class com.kodilla.KodillaCourseApplicationTests
13:31:17.535 [Test worker] DEBUG org.springframework.boot.test.context.SpringBootTestContextBootstrapper - @TestExecutionListeners is not present for class [com.kodilla.KodillaCourseApplicationTests]: using defaults.
13:31:17.535 [Test worker] INFO org.springframework.boot.test.context.SpringBootTestContextBootstrapper - Loaded default TestExecutionListener class names from location [META-INF/spring.factories]: [org.springframework.boot.test.autoconfigure.restdocs.RestDocsTestExecutionListener, org.springframework.boot.test.autoconfigure.web.client.MockRestServiceServerResetTestExecutionListener, org.springframework.boot.test.autoconfigure.web.servlet.MockMvcPrintOnlyOnFailureTestExecutionListener, org.springframework.boot.test.autoconfigure.web.servlet.WebDriverTestExecutionListener, org.springframework.boot.test.mock.mockito.MockitoTestExecutionListener, org.springframework.boot.test.mock.mockito.ResetMocksTestExecutionListener, org.springframework.test.context.web.ServletTestExecutionListener, org.springframework.test.context.support.DirtiesContextBeforeModesTestExecutionListener, org.springframework.test.context.support.DependencyInjectionTestExecutionListener, org.springframework.test.context.support.DirtiesContextTestExecutionListener, org.springframework.test.context.transaction.TransactionalTestExecutionListener, org.springframework.test.context.jdbc.SqlScriptsTestExecutionListener]
13:31:17.553 [Test worker] DEBUG org.springframework.boot.test.context.SpringBootTestContextBootstrapper - Skipping candidate TestExecutionListener [org.springframework.test.context.transaction.TransactionalTestExecutionListener] due to a missing dependency. Specify custom listener classes or make the default listener classes and their required dependencies available. Offending class: [org/springframework/transaction/interceptor/TransactionAttributeSource]
13:31:17.554 [Test worker] DEBUG org.springframework.boot.test.context.SpringBootTestContextBootstrapper - Skipping candidate TestExecutionListener [org.springframework.test.context.jdbc.SqlScriptsTestExecutionListener] due to a missing dependency. Specify custom listener classes or make the default listener classes and their required dependencies available. Offending class: [org/springframework/transaction/interceptor/TransactionAttribute]
13:31:17.554 [Test worker] INFO org.springframework.boot.test.context.SpringBootTestContextBootstrapper - Using TestExecutionListeners: [org.springframework.test.context.web.ServletTestExecutionListener@79d53a12, org.springframework.test.context.support.DirtiesContextBeforeModesTestExecutionListener@77f9f549, org.springframework.boot.test.mock.mockito.MockitoTestExecutionListener@3cdc77aa, org.springframework.boot.test.autoconfigure.SpringBootDependencyInjectionTestExecutionListener@4e8452ea, org.springframework.test.context.support.DirtiesContextTestExecutionListener@1e51e482, org.springframework.boot.test.autoconfigure.restdocs.RestDocsTestExecutionListener@263a09bc, org.springframework.boot.test.autoconfigure.web.client.MockRestServiceServerResetTestExecutionListener@79044bf6, org.springframework.boot.test.autoconfigure.web.servlet.MockMvcPrintOnlyOnFailureTestExecutionListener@15fb553e, org.springframework.boot.test.autoconfigure.web.servlet.WebDriverTestExecutionListener@41fc6f7, org.springframework.boot.test.mock.mockito.ResetMocksTestExecutionListener@729e5821]
13:31:17.559 [Test worker] DEBUG org.springframework.test.annotation.ProfileValueUtils - Retrieved @ProfileValueSourceConfiguration [null] for test class [com.kodilla.KodillaCourseApplicationTests]
13:31:17.560 [Test worker] DEBUG org.springframework.test.annotation.ProfileValueUtils - Retrieved ProfileValueSource type [class org.springframework.test.annotation.SystemProfileValueSource] for class [com.kodilla.KodillaCourseApplicationTests]
13:31:17.561 [Test worker] DEBUG org.springframework.test.annotation.ProfileValueUtils - Retrieved @ProfileValueSourceConfiguration [null] for test class [com.kodilla.KodillaCourseApplicationTests]
13:31:17.561 [Test worker] DEBUG org.springframework.test.annotation.ProfileValueUtils - Retrieved ProfileValueSource type [class org.springframework.test.annotation.SystemProfileValueSource] for class [com.kodilla.KodillaCourseApplicationTests]
13:31:17.568 [Test worker] DEBUG org.springframework.test.context.support.AbstractDirtiesContextTestExecutionListener - Before test class: context [DefaultTestContext@1b059c36 testClass = KodillaCourseApplicationTests, testInstance = [null], testMethod = [null], testException = [null], mergedContextConfiguration = [WebMergedContextConfiguration@62ffbfe1 testClass = KodillaCourseApplicationTests, locations = '{}', classes = '{class com.kodilla.KodillaCourseApplication}', contextInitializerClasses = '[]', activeProfiles = '{}', propertySourceLocations = '{}', propertySourceProperties = '{org.springframework.boot.test.context.SpringBootTestContextBootstrapper=true}', contextCustomizers = set[org.springframework.boot.test.autoconfigure.properties.PropertyMappingContextCustomizer@0, org.springframework.boot.test.autoconfigure.web.servlet.WebDriverContextCustomizerFactory$Customizer@3703f8ef, org.springframework.boot.test.context.filter.ExcludeFilterContextCustomizer@3477ef91, org.springframework.boot.test.json.DuplicateJsonObjectContextCustomizerFactory$DuplicateJsonObjectContextCustomizer@2ccde725, org.springframework.boot.test.mock.mockito.MockitoContextCustomizer@0, org.springframework.boot.test.web.client.TestRestTemplateContextCustomizer@469c56ca], resourceBasePath = 'src/main/webapp', contextLoader = 'org.springframework.boot.test.context.SpringBootContextLoader', parent = [null]], attributes = map['org.springframework.test.context.web.ServletTestExecutionListener.activateListener' -> true]], class annotated with @DirtiesContext [false] with mode [null].
13:31:17.569 [Test worker] DEBUG org.springframework.test.annotation.ProfileValueUtils - Retrieved @ProfileValueSourceConfiguration [null] for test class [com.kodilla.KodillaCourseApplicationTests]
13:31:17.569 [Test worker] DEBUG org.springframework.test.annotation.ProfileValueUtils - Retrieved ProfileValueSource type [class org.springframework.test.annotation.SystemProfileValueSource] for class [com.kodilla.KodillaCourseApplicationTests]
13:31:17.600 [Test worker] DEBUG org.springframework.test.context.support.TestPropertySourceUtils - Adding inlined properties to environment: {spring.jmx.enabled=false, org.springframework.boot.test.context.SpringBootTestContextBootstrapper=true, server.port=-1}

  .   ____          _            __ _ _
 /\\ / ___'_ __ _ _(_)_ __  __ _ \ \ \ \
( ( )\___ | '_ | '_| | '_ \/ _` | \ \ \ \
 \\/  ___)| |_)| | | | | || (_| |  ) ) ) )
  '  |____| .__|_| |_|_| |_\__, | / / / /
 =========|_|==============|___/=/_/_/_/
 :: Spring Boot ::        (v2.1.0.RELEASE)

2018-12-12 13:31:18.314  INFO 3260 --- [    Test worker] c.kodilla.KodillaCourseApplicationTests  : Starting KodillaCourseApplicationTests on AgatPC with PID 3260 (started by Agat in C:\Users\Agat\Desktop\Programowanie\Projects\kodilla-course)
2018-12-12 13:31:18.316  INFO 3260 --- [    Test worker] c.kodilla.KodillaCourseApplicationTests  : No active profile set, falling back to default profiles: default
2018-12-12 13:31:20.632  INFO 3260 --- [    Test worker] o.s.s.concurrent.ThreadPoolTaskExecutor  : Initializing ExecutorService 'applicationTaskExecutor'
2018-12-12 13:31:21.827  INFO 3260 --- [    Test worker] c.kodilla.KodillaCourseApplicationTests  : Started KodillaCourseApplicationTests in 4.212 seconds (JVM running for 6.048)
]]></system-out>
  <system-err><![CDATA[]]></system-err>
</testsuite>
